2022-02-27 19:27:50.714 | INFO     | __main__:train:18 - ======== model config ========
2022-02-27 19:27:50.715 | INFO     | __main__:train:20 - task_name: clue2020ner
2022-02-27 19:27:50.715 | INFO     | __main__:train:20 - train_file_path: ./clue/train.json
2022-02-27 19:27:50.715 | INFO     | __main__:train:20 - dev_file_path: ./clue/dev.json
2022-02-27 19:27:50.716 | INFO     | __main__:train:20 - bert_path: ./bert-base-chinese
2022-02-27 19:27:50.716 | INFO     | __main__:train:20 - log_output_dir: ./log
2022-02-27 19:27:50.716 | INFO     | __main__:train:20 - checkpoint_dir: ./checkpoint
2022-02-27 19:27:50.716 | INFO     | __main__:train:20 - markup: bio
2022-02-27 19:27:50.717 | INFO     | __main__:train:20 - loss_type: ce
2022-02-27 19:27:50.717 | INFO     | __main__:train:20 - train_max_seq_length: 128
2022-02-27 19:27:50.717 | INFO     | __main__:train:20 - eval_max_seq_length: 512
2022-02-27 19:27:50.718 | INFO     | __main__:train:20 - do_train: True
2022-02-27 19:27:50.718 | INFO     | __main__:train:20 - do_eval: False
2022-02-27 19:27:50.718 | INFO     | __main__:train:20 - do_predict: False
2022-02-27 19:27:50.718 | INFO     | __main__:train:20 - evaluate_during_training: False
2022-02-27 19:27:50.718 | INFO     | __main__:train:20 - do_lower_case: True
2022-02-27 19:27:50.719 | INFO     | __main__:train:20 - seed: 42
2022-02-27 19:27:50.719 | INFO     | __main__:train:20 - train_batch_size: 12
2022-02-27 19:27:50.720 | INFO     | __main__:train:20 - eval_batch_size: 12
2022-02-27 19:27:50.720 | INFO     | __main__:train:20 - local_rank: -1
2022-02-27 19:27:50.720 | INFO     | __main__:train:20 - bert_learning_rate: 5e-05
2022-02-27 19:27:50.720 | INFO     | __main__:train:20 - crf_learning_rate: 5e-05
2022-02-27 19:27:50.721 | INFO     | __main__:train:20 - other_learning_rate: 3e-05
2022-02-27 19:27:50.721 | INFO     | __main__:train:20 - weight_decay: 0.01
2022-02-27 19:27:50.721 | INFO     | __main__:train:20 - adam_epsilon: 1e-08
2022-02-27 19:27:50.721 | INFO     | __main__:train:20 - max_grad_norm: 1.0
2022-02-27 19:27:50.722 | INFO     | __main__:train:20 - num_train_epochs: 10
2022-02-27 19:27:50.722 | INFO     | __main__:train:20 - gradient_accumulation_steps: 1
2022-02-27 19:27:50.722 | INFO     | __main__:train:20 - warmup_proportion: 0.1
2022-02-27 19:27:50.722 | INFO     | __main__:train:20 - logging_steps: 50
2022-02-27 19:27:50.722 | INFO     | __main__:train:20 - id2tag: ['X', 'B-address', 'B-book', 'B-company', 'B-game', 'B-government', 'B-movie', 'B-name', 'B-organization', 'B-position', 'B-scene', 'I-address', 'I-book', 'I-company', 'I-game', 'I-government', 'I-movie', 'I-name', 'I-organization', 'I-position', 'I-scene', 'O', '[CLS]', '[SEP]']
2022-02-27 19:27:55.932 | INFO     | __main__:train:68 - =========begin trainning=========
2022-02-27 19:28:15.814 | INFO     | __main__:evaluate:124 - ====stop trainning, eval=====
2022-02-27 19:28:28.668 | INFO     | __main__:evaluate:156 - 

2022-02-27 19:28:28.669 | INFO     | __main__:evaluate:161 - ***** Eval results *****
2022-02-27 19:28:28.670 | INFO     | __main__:evaluate:163 -  acc: 0.0000 - recall: 0.0000 - f1: 0.0000 - loss: 112.6987 
2022-02-27 19:28:28.670 | INFO     | __main__:evaluate:164 - ***** Entity results *****
2022-02-27 19:28:28.670 | INFO     | __main__:evaluate:166 - ******* address results ********
2022-02-27 19:28:28.670 | INFO     | __main__:evaluate:168 -  acc: 0.0000 - recall: 0.0000 - f1: 0.0000 
2022-02-27 19:28:28.670 | INFO     | __main__:evaluate:166 - ******* book results ********
2022-02-27 19:28:28.670 | INFO     | __main__:evaluate:168 -  acc: 0.0000 - recall: 0.0000 - f1: 0.0000 
2022-02-27 19:28:28.670 | INFO     | __main__:evaluate:166 - ******* company results ********
2022-02-27 19:28:28.671 | INFO     | __main__:evaluate:168 -  acc: 0.0000 - recall: 0.0000 - f1: 0.0000 
2022-02-27 19:28:28.671 | INFO     | __main__:evaluate:166 - ******* game results ********
2022-02-27 19:28:28.671 | INFO     | __main__:evaluate:168 -  acc: 0.0000 - recall: 0.0000 - f1: 0.0000 
2022-02-27 19:28:28.671 | INFO     | __main__:evaluate:166 - ******* government results ********
2022-02-27 19:28:28.671 | INFO     | __main__:evaluate:168 -  acc: 0.0000 - recall: 0.0000 - f1: 0.0000 
2022-02-27 19:28:28.671 | INFO     | __main__:evaluate:166 - ******* movie results ********
2022-02-27 19:28:28.672 | INFO     | __main__:evaluate:168 -  acc: 0.0000 - recall: 0.0000 - f1: 0.0000 
2022-02-27 19:28:28.672 | INFO     | __main__:evaluate:166 - ******* name results ********
2022-02-27 19:28:28.672 | INFO     | __main__:evaluate:168 -  acc: 0.0000 - recall: 0.0000 - f1: 0.0000 
2022-02-27 19:28:28.672 | INFO     | __main__:evaluate:166 - ******* organization results ********
2022-02-27 19:28:28.672 | INFO     | __main__:evaluate:168 -  acc: 0.0000 - recall: 0.0000 - f1: 0.0000 
2022-02-27 19:28:28.672 | INFO     | __main__:evaluate:166 - ******* position results ********
2022-02-27 19:28:28.672 | INFO     | __main__:evaluate:168 -  acc: 0.0000 - recall: 0.0000 - f1: 0.0000 
2022-02-27 19:28:28.673 | INFO     | __main__:evaluate:166 - ******* scene results ********
2022-02-27 19:28:28.673 | INFO     | __main__:evaluate:168 -  acc: 0.0000 - recall: 0.0000 - f1: 0.0000 
2022-02-27 19:28:46.674 | INFO     | __main__:evaluate:124 - ====stop trainning, eval=====
2022-02-27 19:29:00.919 | INFO     | __main__:evaluate:156 - 

2022-02-27 19:29:00.920 | INFO     | __main__:evaluate:161 - ***** Eval results *****
2022-02-27 19:29:00.920 | INFO     | __main__:evaluate:163 -  acc: 0.0000 - recall: 0.0000 - f1: 0.0000 - loss: 71.9464 
2022-02-27 19:29:00.920 | INFO     | __main__:evaluate:164 - ***** Entity results *****
2022-02-27 19:29:00.920 | INFO     | __main__:evaluate:166 - ******* address results ********
2022-02-27 19:29:00.920 | INFO     | __main__:evaluate:168 -  acc: 0.0000 - recall: 0.0000 - f1: 0.0000 
2022-02-27 19:29:00.921 | INFO     | __main__:evaluate:166 - ******* book results ********
2022-02-27 19:29:00.921 | INFO     | __main__:evaluate:168 -  acc: 0.0000 - recall: 0.0000 - f1: 0.0000 
2022-02-27 19:29:00.921 | INFO     | __main__:evaluate:166 - ******* company results ********
2022-02-27 19:29:00.921 | INFO     | __main__:evaluate:168 -  acc: 0.0000 - recall: 0.0000 - f1: 0.0000 
2022-02-27 19:29:00.921 | INFO     | __main__:evaluate:166 - ******* game results ********
2022-02-27 19:29:00.921 | INFO     | __main__:evaluate:168 -  acc: 0.0000 - recall: 0.0000 - f1: 0.0000 
2022-02-27 19:29:00.921 | INFO     | __main__:evaluate:166 - ******* government results ********
2022-02-27 19:29:00.922 | INFO     | __main__:evaluate:168 -  acc: 0.0000 - recall: 0.0000 - f1: 0.0000 
2022-02-27 19:29:00.922 | INFO     | __main__:evaluate:166 - ******* movie results ********
2022-02-27 19:29:00.922 | INFO     | __main__:evaluate:168 -  acc: 0.0000 - recall: 0.0000 - f1: 0.0000 
2022-02-27 19:29:00.922 | INFO     | __main__:evaluate:166 - ******* name results ********
2022-02-27 19:29:00.922 | INFO     | __main__:evaluate:168 -  acc: 0.0000 - recall: 0.0000 - f1: 0.0000 
2022-02-27 19:29:00.922 | INFO     | __main__:evaluate:166 - ******* organization results ********
2022-02-27 19:29:00.922 | INFO     | __main__:evaluate:168 -  acc: 0.0000 - recall: 0.0000 - f1: 0.0000 
2022-02-27 19:29:00.923 | INFO     | __main__:evaluate:166 - ******* position results ********
2022-02-27 19:29:00.923 | INFO     | __main__:evaluate:168 -  acc: 0.0000 - recall: 0.0000 - f1: 0.0000 
2022-02-27 19:29:00.923 | INFO     | __main__:evaluate:166 - ******* scene results ********
2022-02-27 19:29:00.923 | INFO     | __main__:evaluate:168 -  acc: 0.0000 - recall: 0.0000 - f1: 0.0000 
2022-02-27 19:29:20.099 | INFO     | __main__:evaluate:124 - ====stop trainning, eval=====
2022-02-27 19:29:34.369 | INFO     | __main__:evaluate:156 - 

2022-02-27 19:29:34.370 | INFO     | __main__:evaluate:161 - ***** Eval results *****
2022-02-27 19:29:34.370 | INFO     | __main__:evaluate:163 -  acc: 0.0000 - recall: 0.0000 - f1: 0.0000 - loss: 59.0925 
2022-02-27 19:29:34.370 | INFO     | __main__:evaluate:164 - ***** Entity results *****
2022-02-27 19:29:34.371 | INFO     | __main__:evaluate:166 - ******* address results ********
2022-02-27 19:29:34.371 | INFO     | __main__:evaluate:168 -  acc: 0.0000 - recall: 0.0000 - f1: 0.0000 
2022-02-27 19:29:34.371 | INFO     | __main__:evaluate:166 - ******* book results ********
2022-02-27 19:29:34.371 | INFO     | __main__:evaluate:168 -  acc: 0.0000 - recall: 0.0000 - f1: 0.0000 
2022-02-27 19:29:34.371 | INFO     | __main__:evaluate:166 - ******* company results ********
2022-02-27 19:29:34.371 | INFO     | __main__:evaluate:168 -  acc: 0.0000 - recall: 0.0000 - f1: 0.0000 
2022-02-27 19:29:34.372 | INFO     | __main__:evaluate:166 - ******* game results ********
2022-02-27 19:29:34.372 | INFO     | __main__:evaluate:168 -  acc: 0.0000 - recall: 0.0000 - f1: 0.0000 
2022-02-27 19:29:34.372 | INFO     | __main__:evaluate:166 - ******* government results ********
2022-02-27 19:29:34.372 | INFO     | __main__:evaluate:168 -  acc: 0.0000 - recall: 0.0000 - f1: 0.0000 
2022-02-27 19:29:34.372 | INFO     | __main__:evaluate:166 - ******* movie results ********
2022-02-27 19:29:34.372 | INFO     | __main__:evaluate:168 -  acc: 0.0000 - recall: 0.0000 - f1: 0.0000 
2022-02-27 19:29:34.372 | INFO     | __main__:evaluate:166 - ******* name results ********
2022-02-27 19:29:34.373 | INFO     | __main__:evaluate:168 -  acc: 0.0000 - recall: 0.0000 - f1: 0.0000 
2022-02-27 19:29:34.373 | INFO     | __main__:evaluate:166 - ******* organization results ********
2022-02-27 19:29:34.373 | INFO     | __main__:evaluate:168 -  acc: 0.0000 - recall: 0.0000 - f1: 0.0000 
2022-02-27 19:29:34.373 | INFO     | __main__:evaluate:166 - ******* position results ********
2022-02-27 19:29:34.373 | INFO     | __main__:evaluate:168 -  acc: 0.0000 - recall: 0.0000 - f1: 0.0000 
2022-02-27 19:29:34.373 | INFO     | __main__:evaluate:166 - ******* scene results ********
2022-02-27 19:29:34.373 | INFO     | __main__:evaluate:168 -  acc: 0.0000 - recall: 0.0000 - f1: 0.0000 
2022-02-27 19:29:54.102 | INFO     | __main__:evaluate:124 - ====stop trainning, eval=====
